New log file opened at Mon May 11 21:04:57 CEST 2015 by 7280@Felix-PC
Sending msg to client activator-b249f3da-b226-4b17-8f7e-523a84d2be12: DetachedLogEvent(LogMessage(debug,sbt client logs are in: D:\WebTechSS15\musclepedia\.sbtserver\connections\activator-b249f3da-b226-4b17-8f7e-523a84d2be12.log))
Sending msg to client activator-b249f3da-b226-4b17-8f7e-523a84d2be12: DetachedLogEvent(LogMessage(debug,sbt server socket logs are in: D:\WebTechSS15\musclepedia\.sbtserver\connections\master.log))
Sending msg to client activator-b249f3da-b226-4b17-8f7e-523a84d2be12: DetachedLogEvent(LogMessage(debug,sbt general server logs are in: D:\WebTechSS15\musclepedia\.sbtserver\master.log))
Dropping message DetachedLogEvent(LogMessage(debug,sbt general server logs are in: D:\WebTechSS15\musclepedia\.sbtserver\master.log)) because client activator-b249f3da-b226-4b17-8f7e-523a84d2be12 of an exception serializing and sending: java.net.SocketException: Software caused connection abort: socket write error
Dropping message DetachedLogEvent(LogMessage(debug,sbt client logs are in: D:\WebTechSS15\musclepedia\.sbtserver\connections\activator-b249f3da-b226-4b17-8f7e-523a84d2be12.log)) because client activator-b249f3da-b226-4b17-8f7e-523a84d2be12 of an exception serializing and sending: java.net.SocketException: Software caused connection abort: socket write error
stack trace sending message was 
java.net.SocketException: Software caused connection abort: socket write error
	at java.net.SocketOutputStream.socketWrite0(Native Method)
	at java.net.SocketOutputStream.socketWrite(Unknown Source)
	at java.net.SocketOutputStream.write(Unknown Source)
	at java.io.BufferedOutputStream.flushBuffer(Unknown Source)
	at java.io.BufferedOutputStream.flush(Unknown Source)
	at java.io.DataOutputStream.flush(Unknown Source)
	at sbt.impl.ipc.Peer.send(IPC.scala:79)
	at sbt.impl.ipc.Peer.send(IPC.scala:83)
	at sbt.impl.ipc.Peer.sendString(IPC.scala:106)
	at sbt.impl.ipc.Peer.sendJson(IPC.scala:119)
	at sbt.server.SbtClientHandler$$anonfun$send$1.apply$mcV$sp(SbtClientHandler.scala:128)
	at sbt.server.SbtClientHandler.wrappedSend(SbtClientHandler.scala:113)
	at sbt.server.SbtClientHandler.send(SbtClientHandler.scala:128)
	at sbt.server.SbtServerSocketHandler$$anon$1.run(SbtServerSocketHandler.scala:94)
stack trace sending message was 
java.net.SocketException: Software caused connection abort: socket write error
	at java.net.SocketOutputStream.socketWrite0(Native Method)
	at java.net.SocketOutputStream.socketWrite(Unknown Source)
	at java.net.SocketOutputStream.write(Unknown Source)
	at java.io.BufferedOutputStream.flushBuffer(Unknown Source)
	at java.io.BufferedOutputStream.flush(Unknown Source)
	at java.io.DataOutputStream.flush(Unknown Source)
	at sbt.impl.ipc.Peer.send(IPC.scala:79)
	at sbt.impl.ipc.Peer.send(IPC.scala:83)
	at sbt.impl.ipc.Peer.sendString(IPC.scala:106)
	at sbt.impl.ipc.Peer.sendJson(IPC.scala:119)
	at sbt.server.SbtClientHandler$$anonfun$send$1.apply$mcV$sp(SbtClientHandler.scala:128)
	at sbt.server.SbtClientHandler.wrappedSend(SbtClientHandler.scala:113)
	at sbt.server.SbtClientHandler.send(SbtClientHandler.scala:128)
	at sbt.server.SbtClientHandler$clientThread$.run(SbtClientHandler.scala:42)
Reading next message from client.
Client activator-b249f3da-b226-4b17-8f7e-523a84d2be12 closed, java.net.SocketException: socket is closed, shutting down
Dropping message (0,ReceivedResponse()) to dead client activator-b249f3da-b226-4b17-8f7e-523a84d2be12
Client activator-b249f3da-b226-4b17-8f7e-523a84d2be12 thread exiting.
