New log file opened at Wed Apr 29 17:17:54 CEST 2015 by 3088@Felix-PC
Taking next connection to: 54250
New client attempting to connect on port: 54251-54250
  Address = /141.37.200.59:54250
This client on port 54251 has uuid 95c1f595-e864-4a71-a337-98ee69fe2e9c configName activator humanReadableName Activator protocolVersion 1 featureTags Vector()
Connected Clients: activator-95c1f595-e864-4a71-a337-98ee69fe2e9c
Taking next connection to: 54250
New client attempting to connect on port: 54252-54250
  Address = /141.37.200.59:54250
Handshake exception on socket: 54252
sbt.impl.ipc.HandshakeException: Unable to perform handshake
	at sbt.impl.ipc.Peer.handshake(IPC.scala:46)
	at sbt.impl.ipc.MultiClientServer.<init>(IPC.scala:150)
	at sbt.server.SbtServerSocketHandler$$anon$1.run(SbtServerSocketHandler.scala:43)
Caused by: java.io.EOFException
	at java.io.DataInputStream.readInt(Unknown Source)
	at sbt.impl.ipc.Peer.receive(IPC.scala:95)
	at sbt.impl.ipc.Peer.handshake(IPC.scala:49)
	... 2 more
Taking next connection to: 54250
New client attempting to connect on port: 54253-54250
  Address = /141.37.200.59:54250
This client on port 54253 has uuid 1ceccba5-2717-4ecf-8a66-26f452153861 configName activator humanReadableName Activator protocolVersion 1 featureTags Vector()
Connected Clients: activator-95c1f595-e864-4a71-a337-98ee69fe2e9c, activator-1ceccba5-2717-4ecf-8a66-26f452153861
Taking next connection to: 54250
